<?xml version="1.0" encoding="UTF-8"?>
<coverage generated="1658428192706" clover="3.2.0">
  <project timestamp="1658428192706" name="All files">
    <metrics statements="15" coveredstatements="12" conditionals="0" coveredconditionals="0" methods="8" coveredmethods="8" elements="23" coveredelements="20" complexity="0" loc="15" ncloc="15" packages="3" files="5" classes="5"/>
    <package name="src">
      <metrics statements="9" coveredstatements="6" conditionals="0" coveredconditionals="0" methods="5" coveredmethods="5"/>
      <file name="App.js" path="C:\Users\JungDonggun\Desktop\tech-discussion-session-unit-test\src\App.js">
        <metrics statements="6" coveredstatements="6" conditionals="0" coveredconditionals="0" methods="5" coveredmethods="5"/>
        <line num="6" count="8" type="stmt"/>
        <line num="8" count="8" type="stmt"/>
        <line num="9" count="3" type="stmt"/>
        <line num="12" count="8" type="stmt"/>
        <line num="13" count="2" type="stmt"/>
        <line num="16" count="8" type="stmt"/>
      </file>
      <file name="index.js" path="C:\Users\JungDonggun\Desktop\tech-discussion-session-unit-test\src\index.js">
        <metrics statements="3" coveredstatements="0" conditionals="0" coveredconditionals="0" methods="0" coveredmethods="0"/>
        <line num="7" count="0" type="stmt"/>
        <line num="8" count="0" type="stmt"/>
        <line num="14" count="0" type="stmt"/>
      </file>
    </package>
    <package name="src.components">
      <metrics statements="4" coveredstatements="4" conditionals="0" coveredconditionals="0" methods="2" coveredmethods="2"/>
      <file name="CountButtons.js" path="C:\Users\JungDonggun\Desktop\tech-discussion-session-unit-test\src\components\CountButtons.js">
        <metrics statements="2" coveredstatements="2" conditionals="0" coveredconditionals="0" methods="1" coveredmethods="1"/>
        <line num="3" count="1" type="stmt"/>
        <line num="4" count="3" type="stmt"/>
      </file>
      <file name="CountView.js" path="C:\Users\JungDonggun\Desktop\tech-discussion-session-unit-test\src\components\CountView.js">
        <metrics statements="2" coveredstatements="2" conditionals="0" coveredconditionals="0" methods="1" coveredmethods="1"/>
        <line num="3" count="1" type="stmt"/>
        <line num="4" count="8" type="stmt"/>
      </file>
    </package>
    <package name="src.script">
      <metrics statements="2" coveredstatements="2" conditionals="0" coveredconditionals="0" methods="1" coveredmethods="1"/>
      <file name="calculator.ts" path="C:\Users\JungDonggun\Desktop\tech-discussion-session-unit-test\src\script\calculator.ts">
        <metrics statements="2" coveredstatements="2" conditionals="0" coveredconditionals="0" methods="1" coveredmethods="1"/>
        <line num="1" count="1" type="stmt"/>
        <line num="2" count="1" type="stmt"/>
      </file>
    </package>
  </project>
</coverage>
