{"C:\\Users\\JungDonggun\\Desktop\\tech-discussion-session-unit-test\\src\\App.js": {"path":"C:\\Users\\JungDonggun\\Desktop\\tech-discussion-session-unit-test\\src\\App.js","statementMap":{"0":{"start":{"line":6,"column":28},"end":{"line":6,"column":45}},"1":{"start":{"line":8,"column":27},"end":{"line":10,"column":8}},"2":{"start":{"line":9,"column":4},"end":{"line":9,"column":35}},"3":{"start":{"line":9,"column":24},"end":{"line":9,"column":33}},"4":{"start":{"line":12,"column":28},"end":{"line":14,"column":8}},"5":{"start":{"line":13,"column":4},"end":{"line":13,"column":35}},"6":{"start":{"line":13,"column":24},"end":{"line":13,"column":33}},"7":{"start":{"line":16,"column":2},"end":{"line":24,"column":4}}},"fnMap":{"0":{"name":"App","decl":{"start":{"line":5,"column":9},"end":{"line":5,"column":12}},"loc":{"start":{"line":5,"column":15},"end":{"line":25,"column":1}},"line":5},"1":{"name":"(anonymous_1)","decl":{"start":{"line":8,"column":45},"end":{"line":8,"column":46}},"loc":{"start":{"line":8,"column":51},"end":{"line":10,"column":3}},"line":8},"2":{"name":"(anonymous_2)","decl":{"start":{"line":9,"column":13},"end":{"line":9,"column":14}},"loc":{"start":{"line":9,"column":24},"end":{"line":9,"column":33}},"line":9},"3":{"name":"(anonymous_3)","decl":{"start":{"line":12,"column":46},"end":{"line":12,"column":47}},"loc":{"start":{"line":12,"column":52},"end":{"line":14,"column":3}},"line":12},"4":{"name":"(anonymous_4)","decl":{"start":{"line":13,"column":13},"end":{"line":13,"column":14}},"loc":{"start":{"line":13,"column":24},"end":{"line":13,"column":33}},"line":13}},"branchMap":{},"s":{"0":8,"1":8,"2":3,"3":3,"4":8,"5":2,"6":2,"7":8},"f":{"0":8,"1":3,"2":3,"3":2,"4":2},"b":{},"_coverageSchema":"1a1c01bbd47fc00a2c39e90264f33305004495a9","hash":"f74c6ccd2ec3aafc4622b757e4ed664fa6392c41"}
,"C:\\Users\\JungDonggun\\Desktop\\tech-discussion-session-unit-test\\src\\index.js": {"path":"C:\\Users\\JungDonggun\\Desktop\\tech-discussion-session-unit-test\\src\\index.js","statementMap":{"0":{"start":{"line":7,"column":13},"end":{"line":7,"column":65}},"1":{"start":{"line":8,"column":0},"end":{"line":12,"column":2}},"2":{"start":{"line":14,"column":0},"end":{"line":14,"column":18}}},"fnMap":{},"branchMap":{},"s":{"0":0,"1":0,"2":0},"f":{},"b":{}}
,"C:\\Users\\JungDonggun\\Desktop\\tech-discussion-session-unit-test\\src\\components\\CountButtons.js": {"path":"C:\\Users\\JungDonggun\\Desktop\\tech-discussion-session-unit-test\\src\\components\\CountButtons.js","statementMap":{"0":{"start":{"line":3,"column":21},"end":{"line":14,"column":1}},"1":{"start":{"line":4,"column":2},"end":{"line":13,"column":4}}},"fnMap":{"0":{"name":"(anonymous_0)","decl":{"start":{"line":3,"column":21},"end":{"line":3,"column":22}},"loc":{"start":{"line":3,"column":55},"end":{"line":14,"column":1}},"line":3}},"branchMap":{},"s":{"0":1,"1":3},"f":{"0":3},"b":{},"_coverageSchema":"1a1c01bbd47fc00a2c39e90264f33305004495a9","hash":"a7c661611708c279f5795d9b3218546c0f97f566"}
,"C:\\Users\\JungDonggun\\Desktop\\tech-discussion-session-unit-test\\src\\components\\CountView.js": {"path":"C:\\Users\\JungDonggun\\Desktop\\tech-discussion-session-unit-test\\src\\components\\CountView.js","statementMap":{"0":{"start":{"line":3,"column":18},"end":{"line":5,"column":1}},"1":{"start":{"line":4,"column":2},"end":{"line":4,"column":33}}},"fnMap":{"0":{"name":"(anonymous_0)","decl":{"start":{"line":3,"column":18},"end":{"line":3,"column":19}},"loc":{"start":{"line":3,"column":34},"end":{"line":5,"column":1}},"line":3}},"branchMap":{},"s":{"0":1,"1":8},"f":{"0":8},"b":{},"_coverageSchema":"1a1c01bbd47fc00a2c39e90264f33305004495a9","hash":"5763e3aa412c32a6ba78ade62ee7d7516b6f7b35"}
,"C:\\Users\\JungDonggun\\Desktop\\tech-discussion-session-unit-test\\src\\script\\calculator.ts": {"path":"C:\\Users\\JungDonggun\\Desktop\\tech-discussion-session-unit-test\\src\\script\\calculator.ts","statementMap":{"0":{"start":{"line":1,"column":19},"end":{"line":3,"column":1}},"1":{"start":{"line":2,"column":4},"end":{"line":2,"column":16}}},"fnMap":{"0":{"name":"(anonymous_0)","decl":{"start":{"line":1,"column":19},"end":{"line":1,"column":20}},"loc":{"start":{"line":1,"column":45},"end":{"line":3,"column":1}},"line":1}},"branchMap":{},"s":{"0":1,"1":1},"f":{"0":1},"b":{},"_coverageSchema":"1a1c01bbd47fc00a2c39e90264f33305004495a9","hash":"d440dea206e31744a365c16cc5cd4407b5525afa"}
}
